<?xml version="1.0" encoding="UTF-8"?>
<testsuite xmlns:xsi="http://www.w3.org/2001/XMLSchema-instance" xsi:noNamespaceSchemaLocation="https://maven.apache.org/surefire/maven-surefire-plugin/xsd/surefire-test-report.xsd" version="3.0.2" name="com.flixmate.flixmate.api.controller.BookingControllerIntegrationTest" time="10.305" tests="4" errors="0" skipped="0" failures="0">
  <properties>
[...]
</properties>
  <testcase name="getUserBookings_Success" classname="com.flixmate.flixmate.api.controller.BookingControllerIntegrationTest" time="0.99">
    <system-out><![CDATA[08:55:10.153 [main] INFO org.springframework.test.context.support.AnnotationConfigContextLoaderUtils -- Could not detect default configuration classes for test class [com.flixmate.flixmate.api.controller.BookingControllerIntegrationTest]: BookingControllerIntegrationTest does not declare any static, non-private, non-final, nested classes annotated with @Configuration.
08:55:10.394 [main] INFO org.springframework.boot.test.context.SpringBootTestContextBootstrapper -- Found @SpringBootConfiguration com.flixmate.flixmate.api.FlixMateApiApplication for test class com.flixmate.flixmate.api.controller.BookingControllerIntegrationTest

  .   ____          _            __ _ _
 /\\ / ___'_ __ _ _(_)_ __  __ _ \ \ \ \
( ( )\___ | '_ | '_| | '_ \/ _` | \ \ \ \
 \\/  ___)| |_)| | | | | || (_| |  ) ) ) )
  '  |____| .__|_| |_|_| |_\__, | / / / /
 =========|_|==============|___/=/_/_/_/

 :: Spring Boot ::                (v3.5.5)

2025-09-17T08:55:11.115+05:30  INFO 10644 --- [           main] f.f.a.c.BookingControllerIntegrationTest : Starting BookingControllerIntegrationTest using Java 24.0.2 with PID 10644 (started by isiri in C:\Users\isiri\IdeaProjects\FlixMateAPI)
2025-09-17T08:55:11.117+05:30  INFO 10644 --- [           main] f.f.a.c.BookingControllerIntegrationTest : The following 1 profile is active: "test"
2025-09-17T08:55:12.650+05:30  INFO 10644 --- [           main] .s.d.r.c.RepositoryConfigurationDelegate : Bootstrapping Spring Data JPA repositories in DEFAULT mode.
2025-09-17T08:55:12.779+05:30  INFO 10644 --- [           main] .s.d.r.c.RepositoryConfigurationDelegate : Finished Spring Data repository scanning in 109 ms. Found 11 JPA repository interfaces.
2025-09-17T08:55:13.653+05:30  INFO 10644 --- [           main] o.hibernate.jpa.internal.util.LogHelper  : HHH000204: Processing PersistenceUnitInfo [name: default]
2025-09-17T08:55:13.746+05:30  INFO 10644 --- [           main] org.hibernate.Version                    : HHH000412: Hibernate ORM core version 6.6.26.Final
2025-09-17T08:55:13.803+05:30  INFO 10644 --- [           main] o.h.c.internal.RegionFactoryInitiator    : HHH000026: Second-level cache disabled
2025-09-17T08:55:14.347+05:30  INFO 10644 --- [           main] o.s.o.j.p.SpringPersistenceUnitInfo      : No LoadTimeWeaver setup: ignoring JPA class transformer
2025-09-17T08:55:14.399+05:30  INFO 10644 --- [           main] com.zaxxer.hikari.HikariDataSource       : HikariPool-1 - Starting...
2025-09-17T08:55:14.762+05:30  INFO 10644 --- [           main] com.zaxxer.hikari.pool.HikariPool        : HikariPool-1 - Added connection conn0: url=jdbc:h2:mem:testdb user=SA
2025-09-17T08:55:14.765+05:30  INFO 10644 --- [           main] com.zaxxer.hikari.HikariDataSource       : HikariPool-1 - Start completed.
2025-09-17T08:55:14.847+05:30  INFO 10644 --- [           main] org.hibernate.orm.connections.pooling    : HHH10001005: Database info:
	Database JDBC URL [Connecting through datasource 'HikariDataSource (HikariPool-1)']
	Database driver: undefined/unknown
	Database version: 2.3.232
	Autocommit mode: undefined/unknown
	Isolation level: undefined/unknown
	Minimum pool size: undefined/unknown
	Maximum pool size: undefined/unknown
2025-09-17T08:55:16.106+05:30  INFO 10644 --- [           main] o.h.e.t.j.p.i.JtaPlatformInitiator       : HHH000489: No JTA platform available (set 'hibernate.transaction.jta.platform' to enable JTA platform integration)
Hibernate: drop table if exists booking_seats cascade 
Hibernate: drop table if exists bookings cascade 
Hibernate: drop table if exists cinema_halls cascade 
Hibernate: drop table if exists movies cascade 
Hibernate: drop table if exists payments cascade 
Hibernate: drop table if exists reports cascade 
Hibernate: drop table if exists reviews cascade 
Hibernate: drop table if exists seats cascade 
Hibernate: drop table if exists showtimes cascade 
Hibernate: drop table if exists staff_schedules cascade 
Hibernate: drop table if exists user_status cascade 
Hibernate: drop table if exists users cascade 
Hibernate: create table booking_seats (booking_id integer not null, seat_id integer not null, primary key (booking_id, seat_id))
Hibernate: create table bookings (booking_id integer generated by default as identity, showtime_id integer not null, total_amount float(53) not null, total_seats integer not null, user_id integer not null, booking_date timestamp(6) not null, status varchar(255) not null, primary key (booking_id))
Hibernate: create table cinema_halls (capacity integer not null, hall_id integer generated by default as identity, location varchar(255), name varchar(255) not null, primary key (hall_id))
Hibernate: create table movies (duration integer, movie_id integer generated by default as identity, release_year integer, description varchar(255), genre varchar(255), title varchar(255) not null, primary key (movie_id))
Hibernate: create table payments (amount float(53) not null, booking_id integer not null unique, payment_id integer generated by default as identity, payment_date timestamp(6) not null, payment_method varchar(255) not null, status varchar(255) not null, transaction_id varchar(255) not null, primary key (payment_id))
Hibernate: create table reports (report_id integer generated by default as identity, user_id integer not null, generated_date timestamp(6) not null, data varchar(255) not null, type varchar(255) not null, primary key (report_id))
Hibernate: create table reviews (movie_id integer not null, rating integer not null, review_id integer generated by default as identity, user_id integer not null, review_date timestamp(6) not null, comment varchar(255), primary key (review_id))
Hibernate: create table seats (hall_id integer not null, number integer not null, seat_id integer generated by default as identity, "row" varchar(255) not null, status varchar(255) not null, primary key (seat_id))
Hibernate: create table showtimes (hall_id integer not null, movie_id integer not null, price float(53) not null, showtime_id integer generated by default as identity, end_time varchar(255), start_time varchar(255) not null, primary key (showtime_id))
Hibernate: create table staff_schedules (hall_id integer not null, schedule_id integer generated by default as identity, end_time timestamp(6) not null, start_time timestamp(6) not null, staff_name varchar(255) not null, primary key (schedule_id))
Hibernate: create table user_status (status_id integer generated by default as identity, role varchar(255) not null, status_name varchar(255) not null unique, primary key (status_id))
Hibernate: create table users (status_id integer not null, user_id integer generated by default as identity, last_login timestamp(6), registration_date timestamp(6) not null, email varchar(255) not null unique, password_hash varchar(255) not null, phone varchar(255), user_name varchar(255), primary key (user_id))
Hibernate: create index idx_user_status on bookings (user_id, status)
Hibernate: create index idx_hall_status on seats (hall_id, status)
Hibernate: alter table if exists booking_seats add constraint FKm2vak166qv8osqwe5qcxsn1p foreign key (seat_id) references seats
Hibernate: alter table if exists booking_seats add constraint FKmbi9ciapn0nvat63t0a8tv478 foreign key (booking_id) references bookings
Hibernate: alter table if exists bookings add constraint FKc7q4u7vleq90vlvy8c7lmwtyl foreign key (showtime_id) references showtimes
Hibernate: alter table if exists bookings add constraint FKeyog2oic85xg7hsu2je2lx3s6 foreign key (user_id) references users
Hibernate: alter table if exists payments add constraint FKc52o2b1jkxttngufqp3t7jr3h foreign key (booking_id) references bookings
Hibernate: alter table if exists reports add constraint FK2o32rer9hfweeylg7x8ut8rj2 foreign key (user_id) references users
Hibernate: alter table if exists reviews add constraint FK87tlqya0rq8ijfjscldpvvdyq foreign key (movie_id) references movies
Hibernate: alter table if exists reviews add constraint FKcgy7qjc1r99dp117y9en6lxye foreign key (user_id) references users
Hibernate: alter table if exists seats add constraint FKob1wunhpc6bwm7g610ha7w4ys foreign key (hall_id) references cinema_halls
Hibernate: alter table if exists showtimes add constraint FK3ylvrbaptovnnbcp07qw89xa0 foreign key (hall_id) references cinema_halls
Hibernate: alter table if exists showtimes add constraint FKeltpyuei1d5g3n6ikpsjwwil6 foreign key (movie_id) references movies
Hibernate: alter table if exists users add constraint FK7te4jcygsrgdpp4ivkydots3 foreign key (status_id) references user_status
2025-09-17T08:55:16.202+05:30  INFO 10644 --- [           main] j.LocalContainerEntityManagerFactoryBean : Initialized JPA EntityManagerFactory for persistence unit 'default'
2025-09-17T08:55:17.288+05:30  INFO 10644 --- [           main] o.s.b.a.w.s.WelcomePageHandlerMapping    : Adding welcome page: ServletContext resource [/index.html]
2025-09-17T08:55:17.836+05:30  INFO 10644 --- [           main] o.s.b.a.e.web.EndpointLinksResolver      : Exposing 3 endpoints beneath base path '/actuator'
2025-09-17T08:55:17.899+05:30  INFO 10644 --- [           main] r$InitializeUserDetailsManagerConfigurer : Global AuthenticationManager configured with UserDetailsService bean with name customUserDetailsService
2025-09-17T08:55:18.727+05:30  INFO 10644 --- [           main] o.s.b.t.m.w.SpringBootMockServletContext : Initializing Spring TestDispatcherServlet ''
2025-09-17T08:55:18.728+05:30  INFO 10644 --- [           main] o.s.t.web.servlet.TestDispatcherServlet  : Initializing Servlet ''
2025-09-17T08:55:18.729+05:30  INFO 10644 --- [           main] o.s.t.web.servlet.TestDispatcherServlet  : Completed initialization in 1 ms
2025-09-17T08:55:18.844+05:30  INFO 10644 --- [           main] f.f.a.c.BookingControllerIntegrationTest : Started BookingControllerIntegrationTest in 8.193 seconds (process running for 9.841)
Hibernate: select b1_0.booking_id,b1_0.booking_date,b1_0.showtime_id,b1_0.status,b1_0.total_amount,b1_0.total_seats,b1_0.user_id from bookings b1_0
Hibernate: select s1_0.seat_id,s1_0.hall_id,s1_0.number,s1_0."row",s1_0.status from seats s1_0
Hibernate: select st1_0.showtime_id,st1_0.hall_id,st1_0.end_time,st1_0.movie_id,st1_0.price,st1_0.start_time from showtimes st1_0
Hibernate: select ch1_0.hall_id,ch1_0.capacity,ch1_0.location,ch1_0.name from cinema_halls ch1_0
Hibernate: select m1_0.movie_id,m1_0.description,m1_0.duration,m1_0.genre,m1_0.release_year,m1_0.title from movies m1_0
Hibernate: select u1_0.user_id,u1_0.email,u1_0.last_login,u1_0.password_hash,u1_0.phone,u1_0.registration_date,u1_0.status_id,u1_0.user_name from users u1_0
Hibernate: select us1_0.status_id,us1_0.role,us1_0.status_name from user_status us1_0
Hibernate: insert into user_status (role,status_name,status_id) values (?,?,default)
Hibernate: insert into users (email,last_login,password_hash,phone,registration_date,status_id,user_name,user_id) values (?,?,?,?,?,?,?,default)
Hibernate: insert into movies (description,duration,genre,release_year,title,movie_id) values (?,?,?,?,?,default)
Hibernate: insert into cinema_halls (capacity,location,name,hall_id) values (?,?,?,default)
Hibernate: insert into showtimes (hall_id,end_time,movie_id,price,start_time,showtime_id) values (?,?,?,?,?,default)
Hibernate: insert into seats (hall_id,number,"row",status,seat_id) values (?,?,?,?,default)
Hibernate: insert into seats (hall_id,number,"row",status,seat_id) values (?,?,?,?,default)
Hibernate: insert into bookings (booking_date,showtime_id,status,total_amount,total_seats,user_id,booking_id) values (?,?,?,?,?,?,default)
Hibernate: select b1_0.booking_id,b1_0.booking_date,b1_0.showtime_id,b1_0.status,b1_0.total_amount,b1_0.total_seats,b1_0.user_id from bookings b1_0 left join users u1_0 on u1_0.user_id=b1_0.user_id where u1_0.email=?
]]></system-out>
    <system-err><![CDATA[Mockito is currently self-attaching to enable the inline-mock-maker. This will no longer work in future releases of the JDK. Please add Mockito as an agent to your build as described in Mockito's documentation: https://javadoc.io/doc/org.mockito/mockito-core/latest/org.mockito/org/mockito/Mockito.html#0.3
WARNING: A Java agent has been loaded dynamically (C:\Users\isiri\.m2\repository\net\bytebuddy\byte-buddy-agent\1.17.7\byte-buddy-agent-1.17.7.jar)
WARNING: If a serviceability tool is in use, please run with -XX:+EnableDynamicAgentLoading to hide this warning
WARNING: If a serviceability tool is not in use, please run with -Djdk.instrument.traceUsage for more information
WARNING: Dynamic loading of agents will be disallowed by default in a future release
]]></system-err>
  </testcase>
  <testcase name="getAvailableSeats_Success" classname="com.flixmate.flixmate.api.controller.BookingControllerIntegrationTest" time="0.07">
    <system-out><![CDATA[Hibernate: select b1_0.booking_id,b1_0.booking_date,b1_0.showtime_id,b1_0.status,b1_0.total_amount,b1_0.total_seats,b1_0.user_id from bookings b1_0
Hibernate: select s1_0.seat_id,s1_0.hall_id,s1_0.number,s1_0."row",s1_0.status from seats s1_0
Hibernate: select st1_0.showtime_id,st1_0.hall_id,st1_0.end_time,st1_0.movie_id,st1_0.price,st1_0.start_time from showtimes st1_0
Hibernate: select ch1_0.hall_id,ch1_0.capacity,ch1_0.location,ch1_0.name from cinema_halls ch1_0
Hibernate: select m1_0.movie_id,m1_0.description,m1_0.duration,m1_0.genre,m1_0.release_year,m1_0.title from movies m1_0
Hibernate: select u1_0.user_id,u1_0.email,u1_0.last_login,u1_0.password_hash,u1_0.phone,u1_0.registration_date,u1_0.status_id,u1_0.user_name from users u1_0
Hibernate: select us1_0.status_id,us1_0.role,us1_0.status_name from user_status us1_0
Hibernate: insert into user_status (role,status_name,status_id) values (?,?,default)
Hibernate: insert into users (email,last_login,password_hash,phone,registration_date,status_id,user_name,user_id) values (?,?,?,?,?,?,?,default)
Hibernate: insert into movies (description,duration,genre,release_year,title,movie_id) values (?,?,?,?,?,default)
Hibernate: insert into cinema_halls (capacity,location,name,hall_id) values (?,?,?,default)
Hibernate: insert into showtimes (hall_id,end_time,movie_id,price,start_time,showtime_id) values (?,?,?,?,?,default)
Hibernate: insert into seats (hall_id,number,"row",status,seat_id) values (?,?,?,?,default)
Hibernate: insert into seats (hall_id,number,"row",status,seat_id) values (?,?,?,?,default)
Hibernate: select s1_0.seat_id,s1_0.hall_id,s1_0.number,s1_0."row",s1_0.status from seats s1_0 left join cinema_halls ch1_0 on ch1_0.hall_id=s1_0.hall_id where ch1_0.hall_id=? and s1_0.status=?
]]></system-out>
  </testcase>
  <testcase name="createBooking_InvalidShowtime" classname="com.flixmate.flixmate.api.controller.BookingControllerIntegrationTest" time="0.066">
    <system-out><![CDATA[Hibernate: select b1_0.booking_id,b1_0.booking_date,b1_0.showtime_id,b1_0.status,b1_0.total_amount,b1_0.total_seats,b1_0.user_id from bookings b1_0
Hibernate: select s1_0.seat_id,s1_0.hall_id,s1_0.number,s1_0."row",s1_0.status from seats s1_0
Hibernate: select st1_0.showtime_id,st1_0.hall_id,st1_0.end_time,st1_0.movie_id,st1_0.price,st1_0.start_time from showtimes st1_0
Hibernate: select ch1_0.hall_id,ch1_0.capacity,ch1_0.location,ch1_0.name from cinema_halls ch1_0
Hibernate: select m1_0.movie_id,m1_0.description,m1_0.duration,m1_0.genre,m1_0.release_year,m1_0.title from movies m1_0
Hibernate: select u1_0.user_id,u1_0.email,u1_0.last_login,u1_0.password_hash,u1_0.phone,u1_0.registration_date,u1_0.status_id,u1_0.user_name from users u1_0
Hibernate: select us1_0.status_id,us1_0.role,us1_0.status_name from user_status us1_0
Hibernate: insert into user_status (role,status_name,status_id) values (?,?,default)
Hibernate: insert into users (email,last_login,password_hash,phone,registration_date,status_id,user_name,user_id) values (?,?,?,?,?,?,?,default)
Hibernate: insert into movies (description,duration,genre,release_year,title,movie_id) values (?,?,?,?,?,default)
Hibernate: insert into cinema_halls (capacity,location,name,hall_id) values (?,?,?,default)
Hibernate: insert into showtimes (hall_id,end_time,movie_id,price,start_time,showtime_id) values (?,?,?,?,?,default)
Hibernate: insert into seats (hall_id,number,"row",status,seat_id) values (?,?,?,?,default)
Hibernate: insert into seats (hall_id,number,"row",status,seat_id) values (?,?,?,?,default)
Hibernate: select u1_0.user_id,u1_0.email,u1_0.last_login,u1_0.password_hash,u1_0.phone,u1_0.registration_date,u1_0.status_id,u1_0.user_name from users u1_0 where u1_0.email=?
Hibernate: select st1_0.showtime_id,st1_0.hall_id,st1_0.end_time,st1_0.movie_id,st1_0.price,st1_0.start_time from showtimes st1_0 where st1_0.showtime_id=?
]]></system-out>
  </testcase>
  <testcase name="createBooking_Success" classname="com.flixmate.flixmate.api.controller.BookingControllerIntegrationTest" time="0.136">
    <system-out><![CDATA[Hibernate: select b1_0.booking_id,b1_0.booking_date,b1_0.showtime_id,b1_0.status,b1_0.total_amount,b1_0.total_seats,b1_0.user_id from bookings b1_0
Hibernate: select s1_0.seat_id,s1_0.hall_id,s1_0.number,s1_0."row",s1_0.status from seats s1_0
Hibernate: select st1_0.showtime_id,st1_0.hall_id,st1_0.end_time,st1_0.movie_id,st1_0.price,st1_0.start_time from showtimes st1_0
Hibernate: select ch1_0.hall_id,ch1_0.capacity,ch1_0.location,ch1_0.name from cinema_halls ch1_0
Hibernate: select m1_0.movie_id,m1_0.description,m1_0.duration,m1_0.genre,m1_0.release_year,m1_0.title from movies m1_0
Hibernate: select u1_0.user_id,u1_0.email,u1_0.last_login,u1_0.password_hash,u1_0.phone,u1_0.registration_date,u1_0.status_id,u1_0.user_name from users u1_0
Hibernate: select us1_0.status_id,us1_0.role,us1_0.status_name from user_status us1_0
Hibernate: insert into user_status (role,status_name,status_id) values (?,?,default)
Hibernate: insert into users (email,last_login,password_hash,phone,registration_date,status_id,user_name,user_id) values (?,?,?,?,?,?,?,default)
Hibernate: insert into movies (description,duration,genre,release_year,title,movie_id) values (?,?,?,?,?,default)
Hibernate: insert into cinema_halls (capacity,location,name,hall_id) values (?,?,?,default)
Hibernate: insert into showtimes (hall_id,end_time,movie_id,price,start_time,showtime_id) values (?,?,?,?,?,default)
Hibernate: insert into seats (hall_id,number,"row",status,seat_id) values (?,?,?,?,default)
Hibernate: insert into seats (hall_id,number,"row",status,seat_id) values (?,?,?,?,default)
Hibernate: select u1_0.user_id,u1_0.email,u1_0.last_login,u1_0.password_hash,u1_0.phone,u1_0.registration_date,u1_0.status_id,u1_0.user_name from users u1_0 where u1_0.email=?
Hibernate: insert into bookings (booking_date,showtime_id,status,total_amount,total_seats,user_id,booking_id) values (?,?,?,?,?,?,default)
2025-09-17T08:55:20.241+05:30  WARN 10644 --- [           main] c.f.flixmate.api.service.EmailService    : Failed to send booking confirmation email: Mail server connection failed. Failed messages: org.eclipse.angus.mail.util.MailConnectException: Couldn't connect to host, port: localhost, 587; timeout -1;
  nested exception is:
	java.net.ConnectException: Connection refused: connect
]]></system-out>
  </testcase>
</testsuite>